2019-12-29 09:06:11,088:app.common.utils:Connected to database successfully
2019-12-29 09:06:11,088:app.common.utils:Connected to database successfully
2019-12-29 09:06:11,135:app.common.utils:Inventory added successfully
2019-12-29 09:06:11,135:app.common.utils:Inventory added successfully
2019-12-29 09:31:01,918:app.common.utils:Connected to database successfully
2019-12-29 09:31:01,918:app.common.utils:Connected to database successfully
2019-12-29 09:31:01,918:app.common.utils:Connected to database successfully
2019-12-29 09:31:01,918:app.common.utils:Connected to database successfully
2019-12-29 09:31:01,968:app.common.utils:Inventory added successfully
2019-12-29 09:31:01,968:app.common.utils:Inventory added successfully
2019-12-29 09:31:01,968:app.common.utils:Inventory added successfully
2019-12-29 09:31:01,968:app.common.utils:Inventory added successfully
2019-12-29 09:31:24,025:app.common.utils:Connected to database successfully
2019-12-29 09:31:24,025:app.common.utils:Connected to database successfully
2019-12-29 09:31:24,025:app.common.utils:Connected to database successfully
2019-12-29 09:31:24,025:app.common.utils:Connected to database successfully
2019-12-29 09:31:24,025:app.common.utils:Connected to database successfully
2019-12-29 09:31:24,025:app.common.utils:Connected to database successfully
2019-12-29 09:31:24,119:app.common.utils:Inventory added successfully
2019-12-29 09:31:24,119:app.common.utils:Inventory added successfully
2019-12-29 09:31:24,119:app.common.utils:Inventory added successfully
2019-12-29 09:31:24,119:app.common.utils:Inventory added successfully
2019-12-29 09:31:24,119:app.common.utils:Inventory added successfully
2019-12-29 09:31:24,119:app.common.utils:Inventory added successfully
2019-12-29 09:31:43,901:app.common.utils:Connected to database successfully
2019-12-29 09:31:43,901:app.common.utils:Connected to database successfully
2019-12-29 09:31:43,901:app.common.utils:Connected to database successfully
2019-12-29 09:31:43,901:app.common.utils:Connected to database successfully
2019-12-29 09:31:43,901:app.common.utils:Connected to database successfully
2019-12-29 09:31:43,901:app.common.utils:Connected to database successfully
2019-12-29 09:31:43,901:app.common.utils:Connected to database successfully
2019-12-29 09:31:43,901:app.common.utils:Connected to database successfully
2019-12-29 09:31:43,942:app.common.utils:Inventory added successfully
2019-12-29 09:31:43,942:app.common.utils:Inventory added successfully
2019-12-29 09:31:43,942:app.common.utils:Inventory added successfully
2019-12-29 09:31:43,942:app.common.utils:Inventory added successfully
2019-12-29 09:31:43,942:app.common.utils:Inventory added successfully
2019-12-29 09:31:43,942:app.common.utils:Inventory added successfully
2019-12-29 09:31:43,942:app.common.utils:Inventory added successfully
2019-12-29 09:31:43,942:app.common.utils:Inventory added successfully
2019-12-29 09:32:12,473:app.common.utils:Connected to database successfully
2019-12-29 09:32:12,473:app.common.utils:Connected to database successfully
2019-12-29 09:32:12,473:app.common.utils:Connected to database successfully
2019-12-29 09:32:12,473:app.common.utils:Connected to database successfully
2019-12-29 09:32:12,473:app.common.utils:Connected to database successfully
2019-12-29 09:32:12,473:app.common.utils:Connected to database successfully
2019-12-29 09:32:12,473:app.common.utils:Connected to database successfully
2019-12-29 09:32:12,473:app.common.utils:Connected to database successfully
2019-12-29 09:32:12,473:app.common.utils:Connected to database successfully
2019-12-29 09:32:12,473:app.common.utils:Connected to database successfully
2019-12-29 09:32:12,538:app.common.utils:Inventory added successfully
2019-12-29 09:32:12,538:app.common.utils:Inventory added successfully
2019-12-29 09:32:12,538:app.common.utils:Inventory added successfully
2019-12-29 09:32:12,538:app.common.utils:Inventory added successfully
2019-12-29 09:32:12,538:app.common.utils:Inventory added successfully
2019-12-29 09:32:12,538:app.common.utils:Inventory added successfully
2019-12-29 09:32:12,538:app.common.utils:Inventory added successfully
2019-12-29 09:32:12,538:app.common.utils:Inventory added successfully
2019-12-29 09:32:12,538:app.common.utils:Inventory added successfully
2019-12-29 09:32:12,538:app.common.utils:Inventory added successfully
2019-12-29 09:32:31,383:app.common.utils:Connected to database successfully
2019-12-29 09:32:31,383:app.common.utils:Connected to database successfully
2019-12-29 09:32:31,383:app.common.utils:Connected to database successfully
2019-12-29 09:32:31,383:app.common.utils:Connected to database successfully
2019-12-29 09:32:31,383:app.common.utils:Connected to database successfully
2019-12-29 09:32:31,383:app.common.utils:Connected to database successfully
2019-12-29 09:32:31,383:app.common.utils:Connected to database successfully
2019-12-29 09:32:31,383:app.common.utils:Connected to database successfully
2019-12-29 09:32:31,383:app.common.utils:Connected to database successfully
2019-12-29 09:32:31,383:app.common.utils:Connected to database successfully
2019-12-29 09:32:31,383:app.common.utils:Connected to database successfully
2019-12-29 09:32:31,383:app.common.utils:Connected to database successfully
2019-12-29 09:32:31,481:app.common.utils:Inventory added successfully
2019-12-29 09:32:31,481:app.common.utils:Inventory added successfully
2019-12-29 09:32:31,481:app.common.utils:Inventory added successfully
2019-12-29 09:32:31,481:app.common.utils:Inventory added successfully
2019-12-29 09:32:31,481:app.common.utils:Inventory added successfully
2019-12-29 09:32:31,481:app.common.utils:Inventory added successfully
2019-12-29 09:32:31,481:app.common.utils:Inventory added successfully
2019-12-29 09:32:31,481:app.common.utils:Inventory added successfully
2019-12-29 09:32:31,481:app.common.utils:Inventory added successfully
2019-12-29 09:32:31,481:app.common.utils:Inventory added successfully
2019-12-29 09:32:31,481:app.common.utils:Inventory added successfully
2019-12-29 09:32:31,481:app.common.utils:Inventory added successfully
2019-12-29 09:33:05,700:app.common.utils:Connected to database successfully
2019-12-29 09:33:05,700:app.common.utils:Connected to database successfully
2019-12-29 09:33:05,700:app.common.utils:Connected to database successfully
2019-12-29 09:33:05,700:app.common.utils:Connected to database successfully
2019-12-29 09:33:05,700:app.common.utils:Connected to database successfully
2019-12-29 09:33:05,700:app.common.utils:Connected to database successfully
2019-12-29 09:33:05,700:app.common.utils:Connected to database successfully
2019-12-29 09:33:05,700:app.common.utils:Connected to database successfully
2019-12-29 09:33:05,700:app.common.utils:Connected to database successfully
2019-12-29 09:33:05,700:app.common.utils:Connected to database successfully
2019-12-29 09:33:05,700:app.common.utils:Connected to database successfully
2019-12-29 09:33:05,700:app.common.utils:Connected to database successfully
2019-12-29 09:33:05,700:app.common.utils:Connected to database successfully
2019-12-29 09:33:05,700:app.common.utils:Connected to database successfully
2019-12-29 09:33:05,805:app.common.utils:updated inventory quantity
2019-12-29 09:33:05,805:app.common.utils:updated inventory quantity
2019-12-29 09:33:05,805:app.common.utils:updated inventory quantity
2019-12-29 09:33:05,805:app.common.utils:updated inventory quantity
2019-12-29 09:33:05,805:app.common.utils:updated inventory quantity
2019-12-29 09:33:05,805:app.common.utils:updated inventory quantity
2019-12-29 09:33:05,805:app.common.utils:updated inventory quantity
2019-12-29 09:33:05,805:app.common.utils:updated inventory quantity
2019-12-29 09:33:05,805:app.common.utils:updated inventory quantity
2019-12-29 09:33:05,805:app.common.utils:updated inventory quantity
2019-12-29 09:33:05,805:app.common.utils:updated inventory quantity
2019-12-29 09:33:05,805:app.common.utils:updated inventory quantity
2019-12-29 09:33:05,805:app.common.utils:updated inventory quantity
2019-12-29 09:33:05,805:app.common.utils:updated inventory quantity
2019-12-29 09:33:20,063:app.common.utils:Connected to database successfully
2019-12-29 09:33:20,063:app.common.utils:Connected to database successfully
2019-12-29 09:33:20,063:app.common.utils:Connected to database successfully
2019-12-29 09:33:20,063:app.common.utils:Connected to database successfully
2019-12-29 09:33:20,063:app.common.utils:Connected to database successfully
2019-12-29 09:33:20,063:app.common.utils:Connected to database successfully
2019-12-29 09:33:20,063:app.common.utils:Connected to database successfully
2019-12-29 09:33:20,063:app.common.utils:Connected to database successfully
2019-12-29 09:33:20,063:app.common.utils:Connected to database successfully
2019-12-29 09:33:20,063:app.common.utils:Connected to database successfully
2019-12-29 09:33:20,063:app.common.utils:Connected to database successfully
2019-12-29 09:33:20,063:app.common.utils:Connected to database successfully
2019-12-29 09:33:20,063:app.common.utils:Connected to database successfully
2019-12-29 09:33:20,063:app.common.utils:Connected to database successfully
2019-12-29 09:33:20,063:app.common.utils:Connected to database successfully
2019-12-29 09:33:20,063:app.common.utils:Connected to database successfully
2019-12-29 09:33:26,951:app.common.utils:Connected to database successfully
2019-12-29 09:33:26,951:app.common.utils:Connected to database successfully
2019-12-29 09:33:26,951:app.common.utils:Connected to database successfully
2019-12-29 09:33:26,951:app.common.utils:Connected to database successfully
2019-12-29 09:33:26,951:app.common.utils:Connected to database successfully
2019-12-29 09:33:26,951:app.common.utils:Connected to database successfully
2019-12-29 09:33:26,951:app.common.utils:Connected to database successfully
2019-12-29 09:33:26,951:app.common.utils:Connected to database successfully
2019-12-29 09:33:26,951:app.common.utils:Connected to database successfully
2019-12-29 09:33:26,951:app.common.utils:Connected to database successfully
2019-12-29 09:33:26,951:app.common.utils:Connected to database successfully
2019-12-29 09:33:26,951:app.common.utils:Connected to database successfully
2019-12-29 09:33:26,951:app.common.utils:Connected to database successfully
2019-12-29 09:33:26,951:app.common.utils:Connected to database successfully
2019-12-29 09:33:26,951:app.common.utils:Connected to database successfully
2019-12-29 09:33:26,951:app.common.utils:Connected to database successfully
2019-12-29 09:33:26,951:app.common.utils:Connected to database successfully
2019-12-29 09:33:36,962:app.common.utils:Connected to database successfully
2019-12-29 09:33:36,962:app.common.utils:Connected to database successfully
2019-12-29 09:33:36,962:app.common.utils:Connected to database successfully
2019-12-29 09:33:36,962:app.common.utils:Connected to database successfully
2019-12-29 09:33:36,962:app.common.utils:Connected to database successfully
2019-12-29 09:33:36,962:app.common.utils:Connected to database successfully
2019-12-29 09:33:36,962:app.common.utils:Connected to database successfully
2019-12-29 09:33:36,962:app.common.utils:Connected to database successfully
2019-12-29 09:33:36,962:app.common.utils:Connected to database successfully
2019-12-29 09:33:36,962:app.common.utils:Connected to database successfully
2019-12-29 09:33:36,962:app.common.utils:Connected to database successfully
2019-12-29 09:33:36,962:app.common.utils:Connected to database successfully
2019-12-29 09:33:36,962:app.common.utils:Connected to database successfully
2019-12-29 09:33:36,962:app.common.utils:Connected to database successfully
2019-12-29 09:33:36,962:app.common.utils:Connected to database successfully
2019-12-29 09:33:36,962:app.common.utils:Connected to database successfully
2019-12-29 09:33:36,962:app.common.utils:Connected to database successfully
2019-12-29 09:33:36,962:app.common.utils:Connected to database successfully
2019-12-29 09:33:36,962:app.common.utils:Connected to database successfully
2019-12-29 09:33:37,076:app.common.utils:Inventories deleted successfully
2019-12-29 09:33:37,076:app.common.utils:Inventories deleted successfully
2019-12-29 09:33:37,076:app.common.utils:Inventories deleted successfully
2019-12-29 09:33:37,076:app.common.utils:Inventories deleted successfully
2019-12-29 09:33:37,076:app.common.utils:Inventories deleted successfully
2019-12-29 09:33:37,076:app.common.utils:Inventories deleted successfully
2019-12-29 09:33:37,076:app.common.utils:Inventories deleted successfully
2019-12-29 09:33:37,076:app.common.utils:Inventories deleted successfully
2019-12-29 09:33:37,076:app.common.utils:Inventories deleted successfully
2019-12-29 09:33:37,076:app.common.utils:Inventories deleted successfully
2019-12-29 09:33:37,076:app.common.utils:Inventories deleted successfully
2019-12-29 09:33:37,076:app.common.utils:Inventories deleted successfully
2019-12-29 09:33:37,076:app.common.utils:Inventories deleted successfully
2019-12-29 09:33:37,076:app.common.utils:Inventories deleted successfully
2019-12-29 09:33:37,076:app.common.utils:Inventories deleted successfully
2019-12-29 09:33:37,076:app.common.utils:Inventories deleted successfully
2019-12-29 09:33:37,076:app.common.utils:Inventories deleted successfully
2019-12-29 09:33:37,076:app.common.utils:Inventories deleted successfully
2019-12-29 09:33:37,076:app.common.utils:Inventories deleted successfully
2019-12-29 09:33:37,082:app.common.utils:Images deleted successfully from local directory
2019-12-29 09:33:37,082:app.common.utils:Images deleted successfully from local directory
2019-12-29 09:33:37,082:app.common.utils:Images deleted successfully from local directory
2019-12-29 09:33:37,082:app.common.utils:Images deleted successfully from local directory
2019-12-29 09:33:37,082:app.common.utils:Images deleted successfully from local directory
2019-12-29 09:33:37,082:app.common.utils:Images deleted successfully from local directory
2019-12-29 09:33:37,082:app.common.utils:Images deleted successfully from local directory
2019-12-29 09:33:37,082:app.common.utils:Images deleted successfully from local directory
2019-12-29 09:33:37,082:app.common.utils:Images deleted successfully from local directory
2019-12-29 09:33:37,082:app.common.utils:Images deleted successfully from local directory
2019-12-29 09:33:37,082:app.common.utils:Images deleted successfully from local directory
2019-12-29 09:33:37,082:app.common.utils:Images deleted successfully from local directory
2019-12-29 09:33:37,082:app.common.utils:Images deleted successfully from local directory
2019-12-29 09:33:37,082:app.common.utils:Images deleted successfully from local directory
2019-12-29 09:33:37,082:app.common.utils:Images deleted successfully from local directory
2019-12-29 09:33:37,082:app.common.utils:Images deleted successfully from local directory
2019-12-29 09:33:37,082:app.common.utils:Images deleted successfully from local directory
2019-12-29 09:33:37,082:app.common.utils:Images deleted successfully from local directory
2019-12-29 09:33:37,082:app.common.utils:Images deleted successfully from local directory
2019-12-29 09:33:37,086:app.common.utils:Images deleted successfully from local directory
2019-12-29 09:33:37,086:app.common.utils:Images deleted successfully from local directory
2019-12-29 09:33:37,086:app.common.utils:Images deleted successfully from local directory
2019-12-29 09:33:37,086:app.common.utils:Images deleted successfully from local directory
2019-12-29 09:33:37,086:app.common.utils:Images deleted successfully from local directory
2019-12-29 09:33:37,086:app.common.utils:Images deleted successfully from local directory
2019-12-29 09:33:37,086:app.common.utils:Images deleted successfully from local directory
2019-12-29 09:33:37,086:app.common.utils:Images deleted successfully from local directory
2019-12-29 09:33:37,086:app.common.utils:Images deleted successfully from local directory
2019-12-29 09:33:37,086:app.common.utils:Images deleted successfully from local directory
2019-12-29 09:33:37,086:app.common.utils:Images deleted successfully from local directory
2019-12-29 09:33:37,086:app.common.utils:Images deleted successfully from local directory
2019-12-29 09:33:37,086:app.common.utils:Images deleted successfully from local directory
2019-12-29 09:33:37,086:app.common.utils:Images deleted successfully from local directory
2019-12-29 09:33:37,086:app.common.utils:Images deleted successfully from local directory
2019-12-29 09:33:37,086:app.common.utils:Images deleted successfully from local directory
2019-12-29 09:33:37,086:app.common.utils:Images deleted successfully from local directory
2019-12-29 09:33:37,086:app.common.utils:Images deleted successfully from local directory
2019-12-29 09:33:37,086:app.common.utils:Images deleted successfully from local directory
2019-12-29 09:35:57,793:app.common.utils:Connected to database successfully
2019-12-29 09:35:57,793:app.common.utils:Connected to database successfully
2019-12-29 09:35:57,794:app.common.utils:searched inventory byname
2019-12-29 09:35:57,794:app.common.utils:searched inventory byname
2019-12-29 09:36:05,145:app.common.utils:Connected to database successfully
2019-12-29 09:36:05,145:app.common.utils:Connected to database successfully
2019-12-29 09:36:05,145:app.common.utils:Connected to database successfully
2019-12-29 09:36:05,145:app.common.utils:Connected to database successfully
2019-12-29 09:36:05,146:app.common.utils:searched inventory byname
2019-12-29 09:36:05,146:app.common.utils:searched inventory byname
2019-12-29 09:36:05,146:app.common.utils:searched inventory byname
2019-12-29 09:36:05,146:app.common.utils:searched inventory byname
2019-12-29 09:36:08,937:app.common.utils:Connected to database successfully
2019-12-29 09:36:08,937:app.common.utils:Connected to database successfully
2019-12-29 09:36:08,937:app.common.utils:Connected to database successfully
2019-12-29 09:36:08,937:app.common.utils:Connected to database successfully
2019-12-29 09:36:08,937:app.common.utils:Connected to database successfully
2019-12-29 09:36:08,937:app.common.utils:Connected to database successfully
2019-12-29 09:36:08,994:app.common.utils:searched inventory bycategory
2019-12-29 09:36:08,994:app.common.utils:searched inventory bycategory
2019-12-29 09:36:08,994:app.common.utils:searched inventory bycategory
2019-12-29 09:36:08,994:app.common.utils:searched inventory bycategory
2019-12-29 09:36:08,994:app.common.utils:searched inventory bycategory
2019-12-29 09:36:08,994:app.common.utils:searched inventory bycategory
2019-12-29 09:36:14,933:app.common.utils:Connected to database successfully
2019-12-29 09:36:14,933:app.common.utils:Connected to database successfully
2019-12-29 09:36:14,933:app.common.utils:Connected to database successfully
2019-12-29 09:36:14,933:app.common.utils:Connected to database successfully
2019-12-29 09:36:14,933:app.common.utils:Connected to database successfully
2019-12-29 09:36:14,933:app.common.utils:Connected to database successfully
2019-12-29 09:36:14,933:app.common.utils:Connected to database successfully
2019-12-29 09:36:14,933:app.common.utils:Connected to database successfully
2019-12-29 09:36:14,938:app.common.utils:searched inventory bycategory
2019-12-29 09:36:14,938:app.common.utils:searched inventory bycategory
2019-12-29 09:36:14,938:app.common.utils:searched inventory bycategory
2019-12-29 09:36:14,938:app.common.utils:searched inventory bycategory
2019-12-29 09:36:14,938:app.common.utils:searched inventory bycategory
2019-12-29 09:36:14,938:app.common.utils:searched inventory bycategory
2019-12-29 09:36:14,938:app.common.utils:searched inventory bycategory
2019-12-29 09:36:14,938:app.common.utils:searched inventory bycategory
2019-12-29 19:28:32,549:app.common.utils:Connected to database successfully
2019-12-29 19:28:32,549:app.common.utils:Connected to database successfully
2019-12-29 19:28:32,549:app.common.utils:Connected to database successfully
2019-12-29 19:28:32,549:app.common.utils:Connected to database successfully
2019-12-29 19:28:32,549:app.common.utils:Connected to database successfully
2019-12-29 19:28:32,549:app.common.utils:Connected to database successfully
2019-12-29 19:28:32,549:app.common.utils:Connected to database successfully
2019-12-29 19:28:32,549:app.common.utils:Connected to database successfully
2019-12-29 19:28:32,711:app.common.utils:updated inventory quantity
2019-12-29 19:28:32,711:app.common.utils:updated inventory quantity
2019-12-29 19:28:32,711:app.common.utils:updated inventory quantity
2019-12-29 19:28:32,711:app.common.utils:updated inventory quantity
2019-12-29 19:28:32,711:app.common.utils:updated inventory quantity
2019-12-29 19:28:32,711:app.common.utils:updated inventory quantity
2019-12-29 19:28:32,711:app.common.utils:updated inventory quantity
2019-12-29 19:28:32,711:app.common.utils:updated inventory quantity
2019-12-29 19:29:17,860:app.common.utils:Connected to database successfully
2019-12-29 19:29:17,860:app.common.utils:Connected to database successfully
2019-12-29 19:29:17,860:app.common.utils:Connected to database successfully
2019-12-29 19:29:17,860:app.common.utils:Connected to database successfully
2019-12-29 19:29:17,860:app.common.utils:Connected to database successfully
2019-12-29 19:29:17,860:app.common.utils:Connected to database successfully
2019-12-29 19:29:17,860:app.common.utils:Connected to database successfully
2019-12-29 19:29:17,860:app.common.utils:Connected to database successfully
2019-12-29 19:29:17,860:app.common.utils:Connected to database successfully
2019-12-29 19:29:17,860:app.common.utils:Connected to database successfully
2019-12-29 19:29:21,013:app.common.utils:Connected to database successfully
2019-12-29 19:29:21,013:app.common.utils:Connected to database successfully
2019-12-29 19:29:21,013:app.common.utils:Connected to database successfully
2019-12-29 19:29:21,013:app.common.utils:Connected to database successfully
2019-12-29 19:29:21,013:app.common.utils:Connected to database successfully
2019-12-29 19:29:21,013:app.common.utils:Connected to database successfully
2019-12-29 19:29:21,013:app.common.utils:Connected to database successfully
2019-12-29 19:29:21,013:app.common.utils:Connected to database successfully
2019-12-29 19:29:21,013:app.common.utils:Connected to database successfully
2019-12-29 19:29:21,013:app.common.utils:Connected to database successfully
2019-12-29 19:29:21,013:app.common.utils:Connected to database successfully
2019-12-29 19:29:21,013:app.common.utils:Connected to database successfully
2019-12-29 19:29:21,994:app.common.utils:Connected to database successfully
2019-12-29 19:29:21,994:app.common.utils:Connected to database successfully
2019-12-29 19:29:21,994:app.common.utils:Connected to database successfully
2019-12-29 19:29:21,994:app.common.utils:Connected to database successfully
2019-12-29 19:29:21,994:app.common.utils:Connected to database successfully
2019-12-29 19:29:21,994:app.common.utils:Connected to database successfully
2019-12-29 19:29:21,994:app.common.utils:Connected to database successfully
2019-12-29 19:29:21,994:app.common.utils:Connected to database successfully
2019-12-29 19:29:21,994:app.common.utils:Connected to database successfully
2019-12-29 19:29:21,994:app.common.utils:Connected to database successfully
2019-12-29 19:29:21,994:app.common.utils:Connected to database successfully
2019-12-29 19:29:21,994:app.common.utils:Connected to database successfully
2019-12-29 19:29:21,994:app.common.utils:Connected to database successfully
2019-12-29 19:29:21,994:app.common.utils:Connected to database successfully
2019-12-29 19:29:22,178:app.common.utils:Connected to database successfully
2019-12-29 19:29:22,178:app.common.utils:Connected to database successfully
2019-12-29 19:29:22,178:app.common.utils:Connected to database successfully
2019-12-29 19:29:22,178:app.common.utils:Connected to database successfully
2019-12-29 19:29:22,178:app.common.utils:Connected to database successfully
2019-12-29 19:29:22,178:app.common.utils:Connected to database successfully
2019-12-29 19:29:22,178:app.common.utils:Connected to database successfully
2019-12-29 19:29:22,178:app.common.utils:Connected to database successfully
2019-12-29 19:29:22,178:app.common.utils:Connected to database successfully
2019-12-29 19:29:22,178:app.common.utils:Connected to database successfully
2019-12-29 19:29:22,178:app.common.utils:Connected to database successfully
2019-12-29 19:29:22,178:app.common.utils:Connected to database successfully
2019-12-29 19:29:22,178:app.common.utils:Connected to database successfully
2019-12-29 19:29:22,178:app.common.utils:Connected to database successfully
2019-12-29 19:29:22,178:app.common.utils:Connected to database successfully
2019-12-29 19:29:22,178:app.common.utils:Connected to database successfully
2019-12-29 19:29:34,909:app.common.utils:Connected to database successfully
2019-12-29 19:29:34,909:app.common.utils:Connected to database successfully
2019-12-29 19:29:34,909:app.common.utils:Connected to database successfully
2019-12-29 19:29:34,909:app.common.utils:Connected to database successfully
2019-12-29 19:29:34,909:app.common.utils:Connected to database successfully
2019-12-29 19:29:34,909:app.common.utils:Connected to database successfully
2019-12-29 19:29:34,909:app.common.utils:Connected to database successfully
2019-12-29 19:29:34,909:app.common.utils:Connected to database successfully
2019-12-29 19:29:34,909:app.common.utils:Connected to database successfully
2019-12-29 19:29:34,909:app.common.utils:Connected to database successfully
2019-12-29 19:29:34,909:app.common.utils:Connected to database successfully
2019-12-29 19:29:34,909:app.common.utils:Connected to database successfully
2019-12-29 19:29:34,909:app.common.utils:Connected to database successfully
2019-12-29 19:29:34,909:app.common.utils:Connected to database successfully
2019-12-29 19:29:34,909:app.common.utils:Connected to database successfully
2019-12-29 19:29:34,909:app.common.utils:Connected to database successfully
2019-12-29 19:29:34,909:app.common.utils:Connected to database successfully
2019-12-29 19:29:34,909:app.common.utils:Connected to database successfully
2019-12-29 19:29:35,003:app.common.utils:updated inventory quantity
2019-12-29 19:29:35,003:app.common.utils:updated inventory quantity
2019-12-29 19:29:35,003:app.common.utils:updated inventory quantity
2019-12-29 19:29:35,003:app.common.utils:updated inventory quantity
2019-12-29 19:29:35,003:app.common.utils:updated inventory quantity
2019-12-29 19:29:35,003:app.common.utils:updated inventory quantity
2019-12-29 19:29:35,003:app.common.utils:updated inventory quantity
2019-12-29 19:29:35,003:app.common.utils:updated inventory quantity
2019-12-29 19:29:35,003:app.common.utils:updated inventory quantity
2019-12-29 19:29:35,003:app.common.utils:updated inventory quantity
2019-12-29 19:29:35,003:app.common.utils:updated inventory quantity
2019-12-29 19:29:35,003:app.common.utils:updated inventory quantity
2019-12-29 19:29:35,003:app.common.utils:updated inventory quantity
2019-12-29 19:29:35,003:app.common.utils:updated inventory quantity
2019-12-29 19:29:35,003:app.common.utils:updated inventory quantity
2019-12-29 19:29:35,003:app.common.utils:updated inventory quantity
2019-12-29 19:29:35,003:app.common.utils:updated inventory quantity
2019-12-29 19:29:35,003:app.common.utils:updated inventory quantity
